<?xml version="1.0" encoding="UTF-8"?>
<!-- Generated by org.testng.reporters.JUnitXMLReporter -->
<testsuite hostname="ShreeHari" ignored="0" name="All Test" tests="7" failures="0" timestamp="2022-05-09T14:52:02 BST" time="424.158" errors="0">
  <testcase name="verifyJobSearchResultUsingDifferentDataSet" time="49.172" classname="uk.co.library.testsuite.JobSearchTest"/>
  <testcase name="verifyJobSearchResultUsingDifferentDataSet" time="49.13" classname="uk.co.library.testsuite.JobSearchTest"/>
  <testcase name="verifyJobSearchResultUsingDifferentDataSet" time="54.152" classname="uk.co.library.testsuite.JobSearchTest"/>
  <testcase name="verifyJobSearchResultUsingDifferentDataSet" time="48.032" classname="uk.co.library.testsuite.JobSearchTest"/>
  <testcase name="verifyJobSearchResultUsingDifferentDataSet" time="50.849" classname="uk.co.library.testsuite.JobSearchTest"/>
  <testcase name="verifyJobSearchResultUsingDifferentDataSet" time="49.317" classname="uk.co.library.testsuite.JobSearchTest"/>
  <testcase name="verifyJobSearchResultUsingDifferentDataSet" time="68.627" classname="uk.co.library.testsuite.JobSearchTest"/>
</testsuite> <!-- All Test -->
