<?xml version="1.0" encoding="UTF-8"?>
<testsuite name="All Test"
           tests="7"
           failures="0"
           errors="0"
           skipped="0"
           time="369.279">
  <properties />
  
  
            <testcase name="verifyJobSearchResultUsingDifferentDataSet" time="50.849" classname="uk.co.library.testsuite.JobSearchTest" />
                <testcase name="verifyJobSearchResultUsingDifferentDataSet" time="49.172" classname="uk.co.library.testsuite.JobSearchTest" />
                <testcase name="verifyJobSearchResultUsingDifferentDataSet" time="49.317" classname="uk.co.library.testsuite.JobSearchTest" />
                <testcase name="verifyJobSearchResultUsingDifferentDataSet" time="49.130" classname="uk.co.library.testsuite.JobSearchTest" />
                <testcase name="verifyJobSearchResultUsingDifferentDataSet" time="68.627" classname="uk.co.library.testsuite.JobSearchTest" />
                <testcase name="verifyJobSearchResultUsingDifferentDataSet" time="54.152" classname="uk.co.library.testsuite.JobSearchTest" />
                <testcase name="verifyJobSearchResultUsingDifferentDataSet" time="48.032" classname="uk.co.library.testsuite.JobSearchTest" />
      
</testsuite>
